<?xml version="1.0" encoding="utf-8"?><testsuites name="pytest tests"><testsuite name="pytest" errors="0" failures="0" skipped="0" tests="418" time="0.895" timestamp="2025-09-26T20:48:17.848481-06:00" hostname="Aarons-MacBook-Pro-2.local"><testcase classname="tests.unit.test_additional_coverage.TestAdditionalCoverage" name="test_bgp_parser_parse_bgp_message_type_error" time="0.021" /><testcase classname="tests.unit.test_additional_coverage.TestAdditionalCoverage" name="test_bmp_message_parser_initialization" time="0.000" /><testcase classname="tests.unit.test_additional_coverage.TestAdditionalCoverage" name="test_bmp_parser_parse_message_invalid" time="0.000" /><testcase classname="tests.unit.test_additional_coverage.TestAdditionalCoverage" name="test_bmp_parser_parse_message_short" time="0.000" /><testcase classname="tests.unit.test_additional_coverage.TestAdditionalCoverage" name="test_bmp_parser_parse_peer_header_invalid" time="0.000" /><testcase classname="tests.unit.test_additional_coverage.TestAdditionalCoverage" name="test_afi_safi_constants" time="0.000" /><testcase classname="tests.unit.test_additional_coverage.TestAdditionalCoverage" name="test_bgp_parser_error_conditions" time="0.000" /><testcase classname="tests.unit.test_additional_coverage.TestAdditionalCoverage" name="test_bmp_parser_simple" time="0.000" /><testcase classname="tests.unit.test_additional_coverage.TestAdditionalCoverage" name="test_bgp_parser_ipv6_parsing" time="0.000" /><testcase classname="tests.unit.test_additional_coverage.TestAdditionalCoverage" name="test_simple_edge_case" time="0.000" /><testcase classname="tests.unit.test_additional_coverage.TestAdditionalCoverage" name="test_bgp_parser_basic_functionality" time="0.000" /><testcase classname="tests.unit.test_additional_coverage.TestAdditionalCoverage" name="test_bmp_message_parser_basic" time="0.000" /><testcase classname="tests.unit.test_additional_coverage.TestAdditionalCoverage" name="test_bmp_parser_initiation_message" time="0.000" /><testcase classname="tests.unit.test_additional_coverage.TestAdditionalCoverage" name="test_bmp_parser_termination_message" time="0.000" /><testcase classname="tests.unit.test_additional_coverage.TestAdditionalCoverage" name="test_server_session_creation" time="0.001" /><testcase classname="tests.unit.test_additional_coverage.TestAdditionalCoverage" name="test_bmp_server_initialization" time="0.001" /><testcase classname="tests.unit.test_additional_coverage.TestAdditionalCoverage" name="test_bmp_server_session_info" time="0.000" /><testcase classname="tests.unit.test_additional_coverage.TestAdditionalCoverage" name="test_server_constants" time="0.000" /><testcase classname="tests.unit.test_additional_coverage.TestAdditionalCoverage" name="test_additional_parser_coverage" time="0.000" /><testcase classname="tests.unit.test_additional_coverage.TestAdditionalCoverage" name="test_parser_edge_cases" time="0.000" /><testcase classname="tests.unit.test_additional_coverage.TestAdditionalCoverage" name="test_server_edge_cases" time="0.000" /><testcase classname="tests.unit.test_additional_coverage.TestAdditionalCoverage" name="test_comprehensive_coverage" time="0.000" /><testcase classname="tests.unit.test_additional_coverage.TestAdditionalCoverage" name="test_processor_edge_cases" time="0.001" /><testcase classname="tests.unit.test_additional_coverage.TestAdditionalCoverage" name="test_final_coverage_boost" time="0.000" /><testcase classname="tests.unit.test_additional_coverage.TestAdditionalCoverage" name="test_simple_error_coverage" time="0.000" /><testcase classname="tests.unit.test_additional_coverage.TestAdditionalCoverage" name="test_bgp_parser_additional_coverage" time="0.000" /><testcase classname="tests.unit.test_additional_coverage.TestAdditionalCoverage" name="test_bmp_parser_additional_coverage" time="0.000" /><testcase classname="tests.unit.test_additional_coverage.TestAdditionalCoverage" name="test_server_additional_coverage" time="0.001" /><testcase classname="tests.unit.test_additional_coverage.TestAdditionalCoverage" name="test_processor_additional_coverage" time="0.000" /><testcase classname="tests.unit.test_additional_coverage.TestAdditionalCoverage" name="test_processor_missing_lines" time="0.000" /><testcase classname="tests.unit.test_additional_coverage.TestAdditionalCoverage" name="test_processor_mp_reach_unreach" time="0.001" /><testcase classname="tests.unit.test_additional_coverage.TestAdditionalCoverage" name="test_final_coverage_push" time="0.000" /><testcase classname="tests.unit.test_additional_coverage.TestAdditionalCoverage" name="test_coverage_boost_final" time="0.000" /><testcase classname="tests.unit.test_additional_coverage.TestAdditionalCoverage" name="test_error_paths_specific" time="0.000" /><testcase classname="tests.unit.test_additional_coverage.TestAdditionalCoverage" name="test_struct_error_path" time="0.000" /><testcase classname="tests.unit.test_additional_coverage.TestAdditionalCoverage" name="test_additional_parser_coverage_boost" time="0.000" /><testcase classname="tests.unit.test_bgp_parser.TestBGPMessageParser" name="test_parser_initialization" time="0.000" /><testcase classname="tests.unit.test_bgp_parser.TestBGPMessageParser" name="test_parse_bgp_message_invalid_length" time="0.000" /><testcase classname="tests.unit.test_bgp_parser.TestBGPMessageParser" name="test_parse_bgp_message_keepalive" time="0.000" /><testcase classname="tests.unit.test_bgp_parser.TestBGPMessageParser" name="test_parse_bgp_message_notification" time="0.000" /><testcase classname="tests.unit.test_bgp_parser.TestBGPMessageParser" name="test_parse_bgp_message_unknown_type" time="0.000" /><testcase classname="tests.unit.test_bgp_parser.TestBGPMessageParser" name="test_parse_next_hop_ipv4" time="0.000" /><testcase classname="tests.unit.test_bgp_parser.TestBGPMessageParser" name="test_parse_next_hop_ipv6" time="0.000" /><testcase classname="tests.unit.test_bgp_parser.TestBGPMessageParser" name="test_parse_as_path_sequence" time="0.000" /><testcase classname="tests.unit.test_bgp_parser.TestBGPMessageParser" name="test_parse_as_path_set" time="0.000" /><testcase classname="tests.unit.test_bgp_parser.TestBGPMessageParser" name="test_parse_communities" time="0.000" /><testcase classname="tests.unit.test_bgp_parser.TestBGPMessageParser" name="test_parse_large_communities" time="0.000" /><testcase classname="tests.unit.test_bgp_parser.TestBGPMessageParser" name="test_get_bgp_message_type_name" time="0.000" /><testcase classname="tests.unit.test_bgp_parser.TestBGPMessageParser" name="test_parse_bgp_open_message" time="0.000" /><testcase classname="tests.unit.test_bgp_parser.TestBGPMessageParser" name="test_parse_bgp_update_minimal" time="0.000" /><testcase classname="tests.unit.test_bgp_parser.TestBGPMessageParser" name="test_parse_bgp_update_with_nlri" time="0.000" /><testcase classname="tests.unit.test_bgp_parser.TestBGPMessageParser" name="test_parse_mp_reach_nlri_ipv4" time="0.000" /><testcase classname="tests.unit.test_bgp_parser.TestBGPMessageParser" name="test_parse_mp_reach_nlri_ipv6" time="0.000" /><testcase classname="tests.unit.test_bgp_parser.TestBGPMessageParser" name="test_parse_mp_unreach_nlri" time="0.000" /><testcase classname="tests.unit.test_bgp_parser.TestBGPMessageParser" name="test_parse_ipv6_nlri" time="0.000" /><testcase classname="tests.unit.test_bgp_parser.TestBGPMessageParser" name="test_parse_capabilities" time="0.000" /><testcase classname="tests.unit.test_bgp_parser.TestBGPParserAdditional" name="test_parse_bgp_message_empty_data" time="0.000" /><testcase classname="tests.unit.test_bgp_parser.TestBGPParserAdditional" name="test_parse_bgp_message_short_data" time="0.000" /><testcase classname="tests.unit.test_bgp_parser.TestBGPParserAdditional" name="test_parse_as_path_empty" time="0.000" /><testcase classname="tests.unit.test_bgp_parser.TestBGPParserAdditional" name="test_parse_communities_invalid_length" time="0.000" /><testcase classname="tests.unit.test_bgp_parser.TestBGPParserAdditional" name="test_parse_large_communities_invalid_length" time="0.000" /><testcase classname="tests.unit.test_bgp_parser.TestBGPParserAdditional" name="test_parse_mp_reach_nlri_insufficient_data" time="0.000" /><testcase classname="tests.unit.test_bgp_parser.TestBGPParserAdditional" name="test_parse_mp_unreach_nlri_insufficient_data" time="0.000" /><testcase classname="tests.unit.test_bgp_parser.TestBGPParserAdditional" name="test_parse_next_hop_unknown_afi" time="0.000" /><testcase classname="tests.unit.test_bgp_parser.TestBGPParserAdditional" name="test_parse_capabilities_empty" time="0.000" /><testcase classname="tests.unit.test_bgp_parser.TestBGPParserAdditional" name="test_parse_capabilities_insufficient_data" time="0.000" /><testcase classname="tests.unit.test_bmp_parser.TestBMPParser" name="test_parse_valid_route_monitoring_message" time="0.000" /><testcase classname="tests.unit.test_bmp_parser.TestBMPParser" name="test_parse_peer_up_message" time="0.000" /><testcase classname="tests.unit.test_bmp_parser.TestBMPParser" name="test_parse_peer_down_message" time="0.000" /><testcase classname="tests.unit.test_bmp_parser.TestBMPParser" name="test_parse_initiation_message" time="0.000" /><testcase classname="tests.unit.test_bmp_parser.TestBMPParser" name="test_parse_termination_message" time="0.000" /><testcase classname="tests.unit.test_bmp_parser.TestBMPParser" name="test_parse_stats_report_message" time="0.000" /><testcase classname="tests.unit.test_bmp_parser.TestBMPParser" name="test_parse_invalid_version" time="0.000" /><testcase classname="tests.unit.test_bmp_parser.TestBMPParser" name="test_parse_short_message" time="0.000" /><testcase classname="tests.unit.test_bmp_parser.TestBMPParser" name="test_parse_incomplete_message" time="0.000" /><testcase classname="tests.unit.test_bmp_parser.TestBMPParser" name="test_parse_unsupported_message_type" time="0.000" /><testcase classname="tests.unit.test_bmp_parser.TestBMPParser" name="test_per_peer_header_parsing" time="0.000" /><testcase classname="tests.unit.test_bmp_parser.TestBMPParser" name="test_per_peer_header_insufficient_data" time="0.000" /><testcase classname="tests.unit.test_bmp_parser.TestBMPParser" name="test_bgp_update_parsing" time="0.000" /><testcase classname="tests.unit.test_bmp_parser.TestBMPParser" name="test_parse_as_path_attribute" time="0.000" /><testcase classname="tests.unit.test_bmp_parser.TestBMPParser" name="test_parse_communities_attribute" time="0.000" /><testcase classname="tests.unit.test_bmp_parser.TestBMPParser" name="test_parse_large_communities_attribute" time="0.000" /><testcase classname="tests.unit.test_bmp_parser.TestBMPParser" name="test_parse_nlri_ipv4" time="0.000" /><testcase classname="tests.unit.test_bmp_parser.TestBMPParser" name="test_parse_nlri_ipv6" time="0.000" /><testcase classname="tests.unit.test_bmp_parser.TestBMPParser" name="test_parse_mp_reach_nlri" time="0.000" /><testcase classname="tests.unit.test_bmp_parser.TestBMPParser" name="test_parse_mp_unreach_nlri" time="0.000" /><testcase classname="tests.unit.test_bmp_parser.TestBMPParser" name="test_parse_bgp_open_message" time="0.000" /><testcase classname="tests.unit.test_bmp_parser.TestBMPParser" name="test_parse_bgp_open_invalid_length" time="0.000" /><testcase classname="tests.unit.test_bmp_parser.TestBMPParser" name="test_parse_route_distinguisher" time="0.000" /><testcase classname="tests.unit.test_bmp_parser.TestBMPParser" name="test_parse_tlvs" time="0.000" /><testcase classname="tests.unit.test_bmp_parser.TestBMPParser" name="test_parse_capabilities" time="0.000" /><testcase classname="tests.unit.test_bmp_parser.TestBMPParser" name="test_error_handling" time="0.001" /><testcase classname="tests.unit.test_bmp_parser.TestBMPParser" name="test_buffer_management" time="0.000" /><testcase classname="tests.unit.test_bmp_parser.TestBMPParser" name="test_message_type_enum_values" time="0.000" /><testcase classname="tests.unit.test_bmp_parser.TestBMPParser" name="test_peer_type_enum_values" time="0.000" /><testcase classname="tests.unit.test_bmp_parser.TestBMPParser" name="test_bgp_message_type_enum_values" time="0.000" /><testcase classname="tests.unit.test_bmp_parser.TestBMPParser" name="test_afi_safi_enum_values" time="0.000" /><testcase classname="tests.unit.test_bmp_parser.TestBMPParserEdgeCases" name="test_maximum_message_size" time="0.000" /><testcase classname="tests.unit.test_bmp_parser.TestBMPParserEdgeCases" name="test_zero_length_fields" time="0.000" /><testcase classname="tests.unit.test_bmp_parser.TestBMPParserEdgeCases" name="test_malformed_nlri" time="0.000" /><testcase classname="tests.unit.test_bmp_parser.TestBMPParserEdgeCases" name="test_empty_as_path" time="0.000" /><testcase classname="tests.unit.test_bmp_parser.TestBMPParserEdgeCases" name="test_truncated_path_attributes" time="0.000" /><testcase classname="tests.unit.test_bmp_parser.TestBMPParserEdgeCases" name="test_various_afi_safi_combinations[1-1]" time="0.000" /><testcase classname="tests.unit.test_bmp_parser.TestBMPParserEdgeCases" name="test_various_afi_safi_combinations[2-1]" time="0.000" /><testcase classname="tests.unit.test_bmp_parser.TestBMPParserEdgeCases" name="test_various_afi_safi_combinations[25-70]" time="0.000" /><testcase classname="tests.unit.test_bmp_parser.TestBMPParserEdgeCases" name="test_various_afi_safi_combinations[999-255]" time="0.000" /><testcase classname="tests.unit.test_bmp_parser.TestBMPParserEdgeCases" name="test_parse_evpn_route_type_4_ipv4" time="0.000" /><testcase classname="tests.unit.test_bmp_parser.TestBMPParserEdgeCases" name="test_parse_evpn_route_type_4_ipv6" time="0.000" /><testcase classname="tests.unit.test_bmp_parser.TestBMPParserEdgeCases" name="test_parse_evpn_route_type_4_minimal" time="0.000" /><testcase classname="tests.unit.test_bmp_parser.TestBMPParserEdgeCases" name="test_parse_evpn_route_type_4_invalid_data" time="0.000" /><testcase classname="tests.unit.test_bmp_parser.TestBMPParserEdgeCases" name="test_parse_evpn_route_type_4_partial_ip" time="0.000" /><testcase classname="tests.unit.test_bmp_parser.TestBMPParserEdgeCases" name="test_parse_per_peer_header_ipv4_mapped_extraction" time="0.000" /><testcase classname="tests.unit.test_bmp_parser.TestBMPParserEdgeCases" name="test_parse_per_peer_header_pure_ipv6" time="0.000" /><testcase classname="tests.unit.test_bmp_parser.TestBMPParserEdgeCases" name="test_parse_peer_up_local_ipv4_mapped" time="0.000" /><testcase classname="tests.unit.test_bmp_parser.TestBMPParserEdgeCases" name="test_parse_initiation_message_with_multiple_tlvs" time="0.000" /><testcase classname="tests.unit.test_bmp_parser.TestBMPParserEdgeCases" name="test_parse_termination_message_with_tlvs" time="0.000" /><testcase classname="tests.unit.test_bmp_parser.TestBMPParserEdgeCases" name="test_parse_stats_report_with_multiple_stats" time="0.000" /><testcase classname="tests.unit.test_bmp_parser.TestBMPParserEdgeCases" name="test_parse_route_mirroring_with_multiple_tlvs" time="0.000" /><testcase classname="tests.unit.test_config.TestSettings" name="test_default_settings" time="0.001" /><testcase classname="tests.unit.test_config.TestSettings" name="test_environment_variable_override" time="0.001" /><testcase classname="tests.unit.test_config.TestSettings" name="test_log_level_validation_valid" time="0.005" /><testcase classname="tests.unit.test_config.TestSettings" name="test_log_level_validation_case_insensitive" time="0.001" /><testcase classname="tests.unit.test_config.TestSettings" name="test_log_level_validation_invalid" time="0.001" /><testcase classname="tests.unit.test_config.TestSettings" name="test_database_url_property" time="0.001" /><testcase classname="tests.unit.test_config.TestSettings" name="test_sync_database_url_property" time="0.001" /><testcase classname="tests.unit.test_config.TestSettings" name="test_required_password_field" time="0.001" /><testcase classname="tests.unit.test_config.TestSettings" name="test_env_file_loading" time="0.002" /><testcase classname="tests.unit.test_config.TestSettings" name="test_env_file_override_by_environment" time="0.001" /><testcase classname="tests.unit.test_config.TestSettings" name="test_numeric_field_validation" time="0.001" /><testcase classname="tests.unit.test_config.TestSettings" name="test_boolean_field_validation" time="0.007" /><testcase classname="tests.unit.test_config.TestSettings" name="test_config_class_settings" time="0.001" /><testcase classname="tests.unit.test_config.TestSettings" name="test_default_field_values" time="0.001" /><testcase classname="tests.unit.test_config.TestGetSettings" name="test_get_settings_returns_settings_instance" time="0.001" /><testcase classname="tests.unit.test_config.TestGetSettings" name="test_get_settings_with_custom_env" time="0.001" /><testcase classname="tests.unit.test_config.TestSettingsEdgeCases" name="test_extreme_numeric_values" time="0.001" /><testcase classname="tests.unit.test_config.TestSettingsEdgeCases" name="test_zero_values" time="0.001" /><testcase classname="tests.unit.test_config.TestSettingsEdgeCases" name="test_special_characters_in_password" time="0.005" /><testcase classname="tests.unit.test_config.TestSettingsEdgeCases" name="test_missing_env_file" time="0.001" /><testcase classname="tests.unit.test_config.TestSettingsEdgeCases" name="test_malformed_env_file" time="0.002" /><testcase classname="tests.unit.test_config.TestSettingsEdgeCases" name="test_case_sensitivity_off" time="0.001" /><testcase classname="tests.unit.test_database_connection.TestDatabasePool" name="test_database_pool_initialization" time="0.001" /><testcase classname="tests.unit.test_database_connection.TestDatabasePool" name="test_connect_success" time="0.002" /><testcase classname="tests.unit.test_database_connection.TestDatabasePool" name="test_connect_failure" time="0.001" /><testcase classname="tests.unit.test_database_connection.TestDatabasePool" name="test_disconnect" time="0.001" /><testcase classname="tests.unit.test_database_connection.TestDatabasePool" name="test_disconnect_no_pool" time="0.001" /><testcase classname="tests.unit.test_database_connection.TestDatabasePool" name="test_acquire_context_manager" time="0.001" /><testcase classname="tests.unit.test_database_connection.TestDatabasePool" name="test_execute_query" time="0.001" /><testcase classname="tests.unit.test_database_connection.TestDatabasePool" name="test_fetch_query" time="0.001" /><testcase classname="tests.unit.test_database_connection.TestDatabasePool" name="test_fetchrow_query" time="0.001" /><testcase classname="tests.unit.test_database_connection.TestDatabasePool" name="test_insert_route" time="0.001" /><testcase classname="tests.unit.test_database_connection.TestDatabasePool" name="test_batch_insert_routes" time="0.002" /><testcase classname="tests.unit.test_database_connection.TestDatabasePool" name="test_batch_insert_empty_routes" time="0.002" /><testcase classname="tests.unit.test_database_connection.TestDatabasePool" name="test_update_route_history" time="0.001" /><testcase classname="tests.unit.test_database_connection.TestDatabasePool" name="test_create_or_update_session" time="0.001" /><testcase classname="tests.unit.test_database_connection.TestDatabasePool" name="test_close_session" time="0.001" /><testcase classname="tests.unit.test_database_connection.TestDatabasePool" name="test_update_statistics" time="0.002" /><testcase classname="tests.unit.test_database_connection.TestDatabasePool" name="test_cleanup_old_data" time="0.001" /><testcase classname="tests.unit.test_database_connection.TestDatabasePool" name="test_cleanup_old_data_parse_error" time="0.001" /><testcase classname="tests.unit.test_database_connection.TestDatabasePool" name="test_get_active_sessions" time="0.001" /><testcase classname="tests.unit.test_database_connection.TestDatabasePool" name="test_get_route_summary" time="0.001" /><testcase classname="tests.unit.test_database_connection.TestDatabasePool" name="test_get_route_summary_no_data" time="0.001" /><testcase classname="tests.unit.test_database_connection.TestDatabasePoolEdgeCases" name="test_batch_insert_with_field_ordering" time="0.001" /><testcase classname="tests.unit.test_database_connection.TestDatabasePoolEdgeCases" name="test_connection_context_manager_exception" time="0.001" /><testcase classname="tests.unit.test_database_connection.TestDatabasePoolEdgeCases" name="test_concurrent_operations" time="0.003" /><testcase classname="tests.unit.test_database_connection.TestDatabasePoolEdgeCases" name="test_route_history_with_withdrawal" time="0.001" /><testcase classname="tests.unit.test_database_connection.TestDatabasePoolEdgeCases" name="test_statistics_with_default_time" time="0.001" /><testcase classname="tests.unit.test_database_connection.TestDatabasePoolEdgeCases" name="test_session_creation_with_minimal_data" time="0.001" /><testcase classname="tests.unit.test_evpn_parser.TestEVPNParser" name="test_parse_evpn_route_unknown_type" time="0.000" /><testcase classname="tests.unit.test_evpn_parser.TestEVPNParser" name="test_parse_evpn_route_type_1_complete" time="0.000" /><testcase classname="tests.unit.test_evpn_parser.TestEVPNParser" name="test_parse_evpn_route_type_1_insufficient_data" time="0.000" /><testcase classname="tests.unit.test_evpn_parser.TestEVPNParser" name="test_parse_evpn_route_type_2_complete" time="0.000" /><testcase classname="tests.unit.test_evpn_parser.TestEVPNParser" name="test_parse_evpn_route_type_2_invalid_mac_length" time="0.000" /><testcase classname="tests.unit.test_evpn_parser.TestEVPNParser" name="test_parse_evpn_route_type_3_complete" time="0.000" /><testcase classname="tests.unit.test_evpn_parser.TestEVPNParser" name="test_parse_evpn_route_type_3_ipv6" time="0.000" /><testcase classname="tests.unit.test_evpn_parser.TestEVPNParser" name="test_parse_evpn_route_type_4_complete" time="0.000" /><testcase classname="tests.unit.test_evpn_parser.TestEVPNParser" name="test_parse_evpn_route_type_5_complete" time="0.000" /><testcase classname="tests.unit.test_evpn_parser.TestEVPNParser" name="test_parse_evpn_route_type_5_no_gateway" time="0.000" /><testcase classname="tests.unit.test_evpn_parser.TestEVPNParser" name="test_parse_evpn_route_exception_handling" time="0.000" /><testcase classname="tests.unit.test_evpn_parser.TestEVPNParser" name="test_parse_evpn_route_parse_error_handling" time="0.000" /><testcase classname="tests.unit.test_evpn_parser.TestEVPNParser" name="test_parse_evpn_route_type_names" time="0.000" /><testcase classname="tests.unit.test_evpn_parser.TestEVPNParserEdgeCases" name="test_parse_evpn_route_type_1_exact_minimum" time="0.000" /><testcase classname="tests.unit.test_evpn_parser.TestEVPNParserEdgeCases" name="test_parse_evpn_route_type_2_no_ip_address" time="0.000" /><testcase classname="tests.unit.test_evpn_parser.TestEVPNParserEdgeCases" name="test_parse_evpn_route_type_3_zero_ip_length" time="0.000" /><testcase classname="tests.unit.test_evpn_parser.TestEVPNParserEdgeCases" name="test_parse_evpn_route_type_4_minimal_data" time="0.000" /><testcase classname="tests.unit.test_evpn_parser.TestEVPNParserEdgeCases" name="test_parse_evpn_route_type_5_partial_data" time="0.000" /><testcase classname="tests.unit.test_evpn_parser.TestEVPNParserEdgeCases" name="test_parse_evpn_route_empty_data" time="0.000" /><testcase classname="tests.unit.test_evpn_parser.TestEVPNParserEdgeCases" name="test_parse_evpn_route_very_large_data" time="0.000" /><testcase classname="tests.unit.test_parsing_utils.TestParseError" name="test_parse_error_creation" time="0.000" /><testcase classname="tests.unit.test_parsing_utils.TestParseMplsLabel" name="test_parse_mpls_label_valid" time="0.000" /><testcase classname="tests.unit.test_parsing_utils.TestParseMplsLabel" name="test_parse_mpls_label_with_offset" time="0.000" /><testcase classname="tests.unit.test_parsing_utils.TestParseMplsLabel" name="test_parse_mpls_label_insufficient_data" time="0.000" /><testcase classname="tests.unit.test_parsing_utils.TestParseMplsLabel" name="test_parse_mpls_label_insufficient_data_with_offset" time="0.000" /><testcase classname="tests.unit.test_parsing_utils.TestParseMplsLabel" name="test_parse_mpls_label_zero_values" time="0.000" /><testcase classname="tests.unit.test_parsing_utils.TestParseMplsLabel" name="test_parse_mpls_label_max_values" time="0.000" /><testcase classname="tests.unit.test_parsing_utils.TestParseRouteDistinguisher" name="test_parse_rd_type_0" time="0.000" /><testcase classname="tests.unit.test_parsing_utils.TestParseRouteDistinguisher" name="test_parse_rd_type_1" time="0.000" /><testcase classname="tests.unit.test_parsing_utils.TestParseRouteDistinguisher" name="test_parse_rd_unknown_type" time="0.000" /><testcase classname="tests.unit.test_parsing_utils.TestParseRouteDistinguisher" name="test_parse_rd_insufficient_data" time="0.000" /><testcase classname="tests.unit.test_parsing_utils.TestParseRouteDistinguisher" name="test_parse_rd_type_0_zero_values" time="0.000" /><testcase classname="tests.unit.test_parsing_utils.TestParseRouteDistinguisher" name="test_parse_rd_type_1_max_values" time="0.000" /><testcase classname="tests.unit.test_parsing_utils.TestParseVariableLengthIp" name="test_parse_variable_length_ip_ipv4" time="0.000" /><testcase classname="tests.unit.test_parsing_utils.TestParseVariableLengthIp" name="test_parse_variable_length_ip_ipv6" time="0.000" /><testcase classname="tests.unit.test_parsing_utils.TestParseVariableLengthIp" name="test_parse_variable_length_ip_zero_length" time="0.000" /><testcase classname="tests.unit.test_parsing_utils.TestParseVariableLengthIp" name="test_parse_variable_length_ip_partial" time="0.000" /><testcase classname="tests.unit.test_parsing_utils.TestParseVariableLengthIp" name="test_parse_variable_length_ip_insufficient_data_for_length" time="0.000" /><testcase classname="tests.unit.test_parsing_utils.TestParseVariableLengthIp" name="test_parse_variable_length_ip_insufficient_data_for_address" time="0.000" /><testcase classname="tests.unit.test_parsing_utils.TestParseVariableLengthIp" name="test_parse_variable_length_ip_invalid_ipv4" time="0.000" /><testcase classname="tests.unit.test_parsing_utils.TestParseVariableLengthIp" name="test_parse_variable_length_ip_invalid_ipv6" time="0.000" /><testcase classname="tests.unit.test_parsing_utils.TestParseIpPrefix" name="test_parse_ip_prefix_ipv4" time="0.000" /><testcase classname="tests.unit.test_parsing_utils.TestParseIpPrefix" name="test_parse_ip_prefix_ipv6" time="0.000" /><testcase classname="tests.unit.test_parsing_utils.TestParseIpPrefix" name="test_parse_ip_prefix_zero_length" time="0.000" /><testcase classname="tests.unit.test_parsing_utils.TestParseIpPrefix" name="test_parse_ip_prefix_host_route" time="0.000" /><testcase classname="tests.unit.test_parsing_utils.TestParseIpPrefix" name="test_parse_ip_prefix_insufficient_data_for_length" time="0.000" /><testcase classname="tests.unit.test_parsing_utils.TestParseIpPrefix" name="test_parse_ip_prefix_insufficient_data_for_prefix" time="0.000" /><testcase classname="tests.unit.test_parsing_utils.TestParseIpPrefix" name="test_parse_ip_prefix_invalid_ipv4_data" time="0.000" /><testcase classname="tests.unit.test_parsing_utils.TestParseIpPrefix" name="test_parse_ip_prefix_invalid_length" time="0.000" /><testcase classname="tests.unit.test_parsing_utils.TestParseMacAddress" name="test_parse_mac_address_valid" time="0.000" /><testcase classname="tests.unit.test_parsing_utils.TestParseMacAddress" name="test_parse_mac_address_with_offset" time="0.000" /><testcase classname="tests.unit.test_parsing_utils.TestParseMacAddress" name="test_parse_mac_address_insufficient_data" time="0.000" /><testcase classname="tests.unit.test_parsing_utils.TestParseMacAddress" name="test_parse_mac_address_zero_values" time="0.000" /><testcase classname="tests.unit.test_parsing_utils.TestParseMacAddress" name="test_parse_mac_address_broadcast" time="0.000" /><testcase classname="tests.unit.test_parsing_utils.TestSafeStructUnpack" name="test_safe_struct_unpack_short" time="0.000" /><testcase classname="tests.unit.test_parsing_utils.TestSafeStructUnpack" name="test_safe_struct_unpack_int" time="0.000" /><testcase classname="tests.unit.test_parsing_utils.TestSafeStructUnpack" name="test_safe_struct_unpack_with_offset" time="0.000" /><testcase classname="tests.unit.test_parsing_utils.TestSafeStructUnpack" name="test_safe_struct_unpack_insufficient_data" time="0.000" /><testcase classname="tests.unit.test_parsing_utils.TestSafeStructUnpack" name="test_safe_struct_unpack_invalid_format" time="0.000" /><testcase classname="tests.unit.test_parsing_utils.TestSafeStructUnpack" name="test_safe_struct_unpack_byte" time="0.000" /><testcase classname="tests.unit.test_parsing_utils.TestSafeStructUnpack" name="test_safe_struct_unpack_multiple_values" time="0.000" /><testcase classname="tests.unit.test_parsing_utils.TestValidateDataLength" name="test_validate_data_length_sufficient" time="0.000" /><testcase classname="tests.unit.test_parsing_utils.TestValidateDataLength" name="test_validate_data_length_exact" time="0.000" /><testcase classname="tests.unit.test_parsing_utils.TestValidateDataLength" name="test_validate_data_length_insufficient" time="0.000" /><testcase classname="tests.unit.test_parsing_utils.TestValidateDataLength" name="test_validate_data_length_custom_description" time="0.000" /><testcase classname="tests.unit.test_parsing_utils.TestValidateDataLength" name="test_validate_data_length_empty_data" time="0.000" /><testcase classname="tests.unit.test_parsing_utils.TestValidateDataLength" name="test_validate_data_length_zero_requirement" time="0.000" /><testcase classname="tests.unit.test_parsing_utils.TestValidateDataLength" name="test_validate_data_length_negative_requirement" time="0.000" /><testcase classname="tests.unit.test_parsing_utils.TestParsingUtilsEdgeCases" name="test_parse_variable_length_ip_boundary_cases" time="0.000" /><testcase classname="tests.unit.test_parsing_utils.TestParsingUtilsEdgeCases" name="test_parse_ip_prefix_boundary_cases" time="0.000" /><testcase classname="tests.unit.test_parsing_utils.TestParsingUtilsEdgeCases" name="test_chained_parsing_operations" time="0.000" /><testcase classname="tests.unit.test_rate_limiter.TestRateLimiter" name="test_rate_limiter_initialization" time="0.000" /><testcase classname="tests.unit.test_rate_limiter.TestRateLimiter" name="test_default_initialization" time="0.000" /><testcase classname="tests.unit.test_rate_limiter.TestRateLimiter" name="test_connection_allowed_first_connection" time="0.000" /><testcase classname="tests.unit.test_rate_limiter.TestRateLimiter" name="test_connection_allowed_multiple_connections" time="0.000" /><testcase classname="tests.unit.test_rate_limiter.TestRateLimiter" name="test_connection_denied_over_limit" time="0.000" /><testcase classname="tests.unit.test_rate_limiter.TestRateLimiter" name="test_release_connection" time="0.000" /><testcase classname="tests.unit.test_rate_limiter.TestRateLimiter" name="test_release_connection_not_exists" time="0.000" /><testcase classname="tests.unit.test_rate_limiter.TestRateLimiter" name="test_release_connection_below_zero" time="0.000" /><testcase classname="tests.unit.test_rate_limiter.TestRateLimiter" name="test_message_allowed_initial_burst" time="0.001" /><testcase classname="tests.unit.test_rate_limiter.TestRateLimiter" name="test_message_allowed_multiple_messages" time="0.000" /><testcase classname="tests.unit.test_rate_limiter.TestRateLimiter" name="test_token_bucket_refill" time="0.001" /><testcase classname="tests.unit.test_rate_limiter.TestRateLimiter" name="test_token_bucket_max_cap" time="0.000" /><testcase classname="tests.unit.test_rate_limiter.TestRateLimiter" name="test_different_ips_independent" time="0.000" /><testcase classname="tests.unit.test_rate_limiter.TestRateLimiter" name="test_concurrent_access" time="0.001" /><testcase classname="tests.unit.test_rate_limiter.TestRateLimiter" name="test_get_stats" time="0.000" /><testcase classname="tests.unit.test_rate_limiter.TestRateLimiter" name="test_get_stats_empty" time="0.000" /><testcase classname="tests.unit.test_rate_limiter.TestRateLimiter" name="test_message_allowed_invalid_count" time="0.000" /><testcase classname="tests.unit.test_rate_limiter.TestRateLimiterEdgeCases" name="test_zero_limits" time="0.000" /><testcase classname="tests.unit.test_rate_limiter.TestRateLimiterEdgeCases" name="test_very_high_limits" time="0.003" /><testcase classname="tests.unit.test_rate_limiter.TestRateLimiterEdgeCases" name="test_time_synchronization_edge_case" time="0.000" /><testcase classname="tests.unit.test_rate_limiter.TestRateLimiterEdgeCases" name="test_ipv6_addresses" time="0.000" /><testcase classname="tests.unit.test_rate_limiter.TestRateLimiterEdgeCases" name="test_long_ip_addresses" time="0.000" /><testcase classname="tests.unit.test_rate_limiter.TestRateLimiterEdgeCases" name="test_fractional_tokens" time="0.000" /><testcase classname="tests.unit.test_rate_limiter.TestRateLimiterEdgeCases" name="test_rapid_successive_calls" time="0.000" /><testcase classname="tests.unit.test_rate_limiter.TestRateLimiterEdgeCases" name="test_memory_cleanup" time="0.006" /><testcase classname="tests.unit.test_route_processor.TestRouteProcessor" name="test_processor_initialization" time="0.002" /><testcase classname="tests.unit.test_route_processor.TestRouteProcessor" name="test_process_route_monitoring_message" time="0.002" /><testcase classname="tests.unit.test_route_processor.TestRouteProcessor" name="test_process_peer_up_message" time="0.002" /><testcase classname="tests.unit.test_route_processor.TestRouteProcessor" name="test_process_peer_down_message" time="0.002" /><testcase classname="tests.unit.test_route_processor.TestRouteProcessor" name="test_process_stats_message" time="0.002" /><testcase classname="tests.unit.test_route_processor.TestRouteProcessor" name="test_process_initiation_message" time="0.002" /><testcase classname="tests.unit.test_route_processor.TestRouteProcessor" name="test_process_termination_message" time="0.002" /><testcase classname="tests.unit.test_route_processor.TestRouteProcessor" name="test_create_base_route" time="0.002" /><testcase classname="tests.unit.test_route_processor.TestRouteProcessor" name="test_create_route_from_nlri" time="0.003" /><testcase classname="tests.unit.test_route_processor.TestRouteProcessor" name="test_create_evpn_route" time="0.002" /><testcase classname="tests.unit.test_route_processor.TestRouteProcessor" name="test_parse_attributes" time="0.002" /><testcase classname="tests.unit.test_route_processor.TestRouteProcessor" name="test_get_family" time="0.002" /><testcase classname="tests.unit.test_route_processor.TestRouteProcessor" name="test_get_timestamp" time="0.002" /><testcase classname="tests.unit.test_route_processor.TestRouteProcessor" name="test_get_timestamp_no_timestamp" time="0.002" /><testcase classname="tests.unit.test_route_processor.TestRouteProcessor" name="test_flush_routes" time="0.003" /><testcase classname="tests.unit.test_route_processor.TestRouteProcessor" name="test_flush_routes_empty_buffer" time="0.002" /><testcase classname="tests.unit.test_route_processor.TestRouteProcessor" name="test_flush_routes_database_error" time="0.002" /><testcase classname="tests.unit.test_route_processor.TestRouteProcessor" name="test_buffer_auto_flush" time="0.003" /><testcase classname="tests.unit.test_route_processor.TestRouteProcessor" name="test_process_mp_reach_ipv6" time="0.002" /><testcase classname="tests.unit.test_route_processor.TestRouteProcessor" name="test_process_mp_reach_evpn" time="0.002" /><testcase classname="tests.unit.test_route_processor.TestRouteProcessor" name="test_process_mp_reach_evpn_type_4" time="0.002" /><testcase classname="tests.unit.test_route_processor.TestRouteProcessor" name="test_process_mp_unreach" time="0.002" /><testcase classname="tests.unit.test_route_processor.TestRouteProcessor" name="test_error_handling" time="0.002" /><testcase classname="tests.unit.test_route_processor.TestRouteProcessor" name="test_invalid_prefix_handling" time="0.003" /><testcase classname="tests.unit.test_route_processor.TestRouteProcessor" name="test_get_stats" time="0.002" /><testcase classname="tests.unit.test_route_processor.TestRouteProcessor" name="test_concurrent_buffer_access" time="0.002" /><testcase classname="tests.unit.test_route_processor.TestRouteProcessor" name="test_process_non_update_bgp_message" time="0.002" /><testcase classname="tests.unit.test_route_processor.TestRouteProcessor" name="test_process_invalid_as_number" time="0.002" /><testcase classname="tests.unit.test_route_processor.TestRouteProcessor" name="test_process_withdrawn_routes" time="0.002" /><testcase classname="tests.unit.test_route_processor.TestRouteProcessor" name="test_process_aggregator_attribute" time="0.002" /><testcase classname="tests.unit.test_route_processor.TestRouteProcessor" name="test_parse_atomic_aggregate_attribute" time="0.002" /><testcase classname="tests.unit.test_route_processor.TestRouteProcessor" name="test_parse_originator_id_attribute" time="0.002" /><testcase classname="tests.unit.test_route_processor.TestRouteProcessor" name="test_parse_cluster_list_attribute" time="0.002" /><testcase classname="tests.unit.test_route_processor.TestRouteProcessor" name="test_parse_extended_communities_attribute" time="0.002" /><testcase classname="tests.unit.test_route_processor.TestRouteProcessor" name="test_parse_large_communities_attribute" time="0.002" /><testcase classname="tests.unit.test_route_processor.TestRouteProcessor" name="test_stats_duplicate_prefixes" time="0.002" /><testcase classname="tests.unit.test_route_processor.TestRouteProcessor" name="test_process_evpn_withdrawal" time="0.002" /><testcase classname="tests.unit.test_server.TestBMPSession" name="test_bmp_session_initialization" time="0.001" /><testcase classname="tests.unit.test_server.TestBMPSession" name="test_bmp_session_constants" time="0.000" /><testcase classname="tests.unit.test_server.TestBMPSession" name="test_bmp_session_handle_no_data" time="0.001" /><testcase classname="tests.unit.test_server.TestBMPSession" name="test_bmp_session_handle_buffer_overflow" time="0.001" /><testcase classname="tests.unit.test_server.TestBMPSession" name="test_bmp_session_handle_exception" time="0.003" /><testcase classname="tests.unit.test_server.TestBMPSession" name="test_bmp_session_attributes" time="0.001" /><testcase classname="tests.unit.test_server.TestBMPSession" name="test_bmp_session_close" time="0.001" /><testcase classname="tests.unit.test_server.TestBMPSession" name="test_bmp_session_close_exception" time="0.001" /><testcase classname="tests.unit.test_server.TestBMPSession" name="test_bmp_session_timestamps" time="0.001" /><testcase classname="tests.unit.test_server.TestBMPSession" name="test_bmp_session_message_processing_loop" time="0.001" /><testcase classname="tests.unit.test_server.TestBMPSession" name="test_bmp_session_invalid_message_handling" time="0.002" /><testcase classname="tests.unit.test_server.TestBMPSession" name="test_bmp_session_buffer_management" time="0.001" /><testcase classname="tests.unit.test_server.TestBMPSession" name="test_bmp_session_cancelled_handling" time="0.001" /><testcase classname="tests.unit.test_server.TestBMPSession" name="test_bmp_session_stats_tracking" time="0.001" /><testcase classname="tests.unit.test_server.TestBMPSession" name="test_bmp_session_buffer_overflow_protection" time="0.002" /><testcase classname="tests.unit.test_server.TestBMPSession" name="test_bmp_session_invalid_version_handling" time="0.002" /><testcase classname="tests.unit.test_server.TestBMPSession" name="test_bmp_session_oversized_message_protection" time="0.002" /><testcase classname="tests.unit.test_validation.TestValidateAsNumber" name="test_valid_as_numbers[0-0_0]" time="0.000" /><testcase classname="tests.unit.test_validation.TestValidateAsNumber" name="test_valid_as_numbers[65000-65000]" time="0.000" /><testcase classname="tests.unit.test_validation.TestValidateAsNumber" name="test_valid_as_numbers[4294967295-4294967295]" time="0.000" /><testcase classname="tests.unit.test_validation.TestValidateAsNumber" name="test_valid_as_numbers[65001-65001]" time="0.000" /><testcase classname="tests.unit.test_validation.TestValidateAsNumber" name="test_valid_as_numbers[0-0_1]" time="0.000" /><testcase classname="tests.unit.test_validation.TestValidateAsNumber" name="test_valid_as_numbers[1.0-1]" time="0.000" /><testcase classname="tests.unit.test_validation.TestValidateAsNumber" name="test_invalid_as_numbers[-1]" time="0.000" /><testcase classname="tests.unit.test_validation.TestValidateAsNumber" name="test_invalid_as_numbers[4294967296]" time="0.000" /><testcase classname="tests.unit.test_validation.TestValidateAsNumber" name="test_invalid_as_numbers[invalid]" time="0.000" /><testcase classname="tests.unit.test_validation.TestValidateAsNumber" name="test_invalid_as_numbers[None]" time="0.000" /><testcase classname="tests.unit.test_validation.TestValidateAsNumber" name="test_invalid_as_numbers[as_num4]" time="0.000" /><testcase classname="tests.unit.test_validation.TestValidateAsNumber" name="test_invalid_as_numbers[as_num5]" time="0.000" /><testcase classname="tests.unit.test_validation.TestValidateAsNumber" name="test_invalid_as_numbers[inf]" time="0.000" /><testcase classname="tests.unit.test_validation.TestValidateAsNumber" name="test_invalid_as_numbers[nan]" time="0.000" /><testcase classname="tests.unit.test_validation.TestValidateAsNumber" name="test_as_number_edge_cases" time="0.000" /><testcase classname="tests.unit.test_validation.TestValidateIpAddress" name="test_valid_ip_addresses[192.0.2.1-192.0.2.1]" time="0.000" /><testcase classname="tests.unit.test_validation.TestValidateIpAddress" name="test_valid_ip_addresses[10.0.0.1-10.0.0.1]" time="0.000" /><testcase classname="tests.unit.test_validation.TestValidateIpAddress" name="test_valid_ip_addresses[127.0.0.1-127.0.0.1]" time="0.000" /><testcase classname="tests.unit.test_validation.TestValidateIpAddress" name="test_valid_ip_addresses[255.255.255.255-255.255.255.255]" time="0.000" /><testcase classname="tests.unit.test_validation.TestValidateIpAddress" name="test_valid_ip_addresses[0.0.0.0-0.0.0.0]" time="0.000" /><testcase classname="tests.unit.test_validation.TestValidateIpAddress" name="test_valid_ip_addresses[2001:db8::1-2001:db8::1]" time="0.000" /><testcase classname="tests.unit.test_validation.TestValidateIpAddress" name="test_valid_ip_addresses[::1-::1]" time="0.000" /><testcase classname="tests.unit.test_validation.TestValidateIpAddress" name="test_valid_ip_addresses[2001:db8:85a3:8d3:1319:8a2e:370:7348-2001:db8:85a3:8d3:1319:8a2e:370:7348]" time="0.000" /><testcase classname="tests.unit.test_validation.TestValidateIpAddress" name="test_valid_ip_addresses[::-::]" time="0.000" /><testcase classname="tests.unit.test_validation.TestValidateIpAddress" name="test_invalid_ip_addresses[256.0.0.1]" time="0.000" /><testcase classname="tests.unit.test_validation.TestValidateIpAddress" name="test_invalid_ip_addresses[192.168.1]" time="0.001" /><testcase classname="tests.unit.test_validation.TestValidateIpAddress" name="test_invalid_ip_addresses[192.168.1.1.1]" time="0.000" /><testcase classname="tests.unit.test_validation.TestValidateIpAddress" name="test_invalid_ip_addresses[invalid]" time="0.000" /><testcase classname="tests.unit.test_validation.TestValidateIpAddress" name="test_invalid_ip_addresses[2001:db8::gg]" time="0.000" /><testcase classname="tests.unit.test_validation.TestValidateIpAddress" name="test_invalid_ip_addresses[]" time="0.000" /><testcase classname="tests.unit.test_validation.TestValidateIpAddress" name="test_invalid_ip_addresses[None]" time="0.000" /><testcase classname="tests.unit.test_validation.TestValidateIpAddress" name="test_invalid_ip_addresses[123]" time="0.000" /><testcase classname="tests.unit.test_validation.TestValidateIpAddress" name="test_invalid_ip_addresses[ip8]" time="0.000" /><testcase classname="tests.unit.test_validation.TestValidateIpAddress" name="test_ip_address_edge_cases" time="0.000" /><testcase classname="tests.unit.test_validation.TestValidatePrefix" name="test_valid_prefixes[192.0.2.0/24-192.0.2.0/24]" time="0.000" /><testcase classname="tests.unit.test_validation.TestValidatePrefix" name="test_valid_prefixes[10.0.0.0/8-10.0.0.0/8]" time="0.000" /><testcase classname="tests.unit.test_validation.TestValidatePrefix" name="test_valid_prefixes[172.16.0.0/12-172.16.0.0/12]" time="0.000" /><testcase classname="tests.unit.test_validation.TestValidatePrefix" name="test_valid_prefixes[0.0.0.0/0-0.0.0.0/0]" time="0.000" /><testcase classname="tests.unit.test_validation.TestValidatePrefix" name="test_valid_prefixes[192.0.2.1/32-192.0.2.1/32]" time="0.000" /><testcase classname="tests.unit.test_validation.TestValidatePrefix" name="test_valid_prefixes[2001:db8::/32-2001:db8::/32]" time="0.000" /><testcase classname="tests.unit.test_validation.TestValidatePrefix" name="test_valid_prefixes[::/0-::/0]" time="0.000" /><testcase classname="tests.unit.test_validation.TestValidatePrefix" name="test_valid_prefixes[2001:db8::1/128-2001:db8::1/128]" time="0.000" /><testcase classname="tests.unit.test_validation.TestValidatePrefix" name="test_invalid_prefixes[192.0.2.0/33]" time="0.000" /><testcase classname="tests.unit.test_validation.TestValidatePrefix" name="test_invalid_prefixes[192.0.2.0/-1]" time="0.000" /><testcase classname="tests.unit.test_validation.TestValidatePrefix" name="test_invalid_prefixes[256.0.0.0/24]" time="0.000" /><testcase classname="tests.unit.test_validation.TestValidatePrefix" name="test_invalid_prefixes[192.0.2.0]" time="0.000" /><testcase classname="tests.unit.test_validation.TestValidatePrefix" name="test_invalid_prefixes[192.0.2.0/]" time="0.000" /><testcase classname="tests.unit.test_validation.TestValidatePrefix" name="test_invalid_prefixes[invalid/24]" time="0.000" /><testcase classname="tests.unit.test_validation.TestValidatePrefix" name="test_invalid_prefixes[]" time="0.000" /><testcase classname="tests.unit.test_validation.TestValidatePrefix" name="test_invalid_prefixes[None]" time="0.000" /><testcase classname="tests.unit.test_validation.TestValidatePrefix" name="test_invalid_prefixes[2001:db8::/129]" time="0.000" /><testcase classname="tests.unit.test_validation.TestValidatePrefix" name="test_prefix_strict_mode" time="0.000" /><testcase classname="tests.unit.test_validation.TestValidatePrefix" name="test_prefix_edge_cases" time="0.000" /><testcase classname="tests.unit.test_validation.TestValidateMessageLength" name="test_valid_message_lengths[6-True]" time="0.000" /><testcase classname="tests.unit.test_validation.TestValidateMessageLength" name="test_valid_message_lengths[100-True]" time="0.000" /><testcase classname="tests.unit.test_validation.TestValidateMessageLength" name="test_valid_message_lengths[1048576-True]" time="0.000" /><testcase classname="tests.unit.test_validation.TestValidateMessageLength" name="test_valid_message_lengths[500000-True]" time="0.000" /><testcase classname="tests.unit.test_validation.TestValidateMessageLength" name="test_invalid_message_lengths[5]" time="0.000" /><testcase classname="tests.unit.test_validation.TestValidateMessageLength" name="test_invalid_message_lengths[0]" time="0.000" /><testcase classname="tests.unit.test_validation.TestValidateMessageLength" name="test_invalid_message_lengths[-1]" time="0.000" /><testcase classname="tests.unit.test_validation.TestValidateMessageLength" name="test_invalid_message_lengths[1048577]" time="0.000" /><testcase classname="tests.unit.test_validation.TestValidateMessageLength" name="test_custom_max_size" time="0.000" /><testcase classname="tests.unit.test_validation.TestValidateMessageLength" name="test_message_length_boundary_conditions" time="0.000" /><testcase classname="tests.unit.test_validation.TestValidatePort" name="test_valid_ports[1-1]" time="0.000" /><testcase classname="tests.unit.test_validation.TestValidatePort" name="test_valid_ports[80-80]" time="0.000" /><testcase classname="tests.unit.test_validation.TestValidatePort" name="test_valid_ports[65535-65535]" time="0.000" /><testcase classname="tests.unit.test_validation.TestValidatePort" name="test_valid_ports[22-22]" time="0.000" /><testcase classname="tests.unit.test_validation.TestValidatePort" name="test_valid_ports[443-443]" time="0.000" /><testcase classname="tests.unit.test_validation.TestValidatePort" name="test_valid_ports[1.0-1]" time="0.000" /><testcase classname="tests.unit.test_validation.TestValidatePort" name="test_invalid_ports[0]" time="0.000" /><testcase classname="tests.unit.test_validation.TestValidatePort" name="test_invalid_ports[-1]" time="0.000" /><testcase classname="tests.unit.test_validation.TestValidatePort" name="test_invalid_ports[65536]" time="0.000" /><testcase classname="tests.unit.test_validation.TestValidatePort" name="test_invalid_ports[invalid]" time="0.000" /><testcase classname="tests.unit.test_validation.TestValidatePort" name="test_invalid_ports[None]" time="0.000" /><testcase classname="tests.unit.test_validation.TestValidatePort" name="test_invalid_ports[port5]" time="0.000" /><testcase classname="tests.unit.test_validation.TestValidatePort" name="test_invalid_ports[inf]" time="0.000" /><testcase classname="tests.unit.test_validation.TestValidatePort" name="test_invalid_ports[nan]" time="0.000" /><testcase classname="tests.unit.test_validation.TestValidatePort" name="test_port_edge_cases" time="0.000" /><testcase classname="tests.unit.test_validation.TestSanitizeLogData" name="test_sanitize_bytes" time="0.000" /><testcase classname="tests.unit.test_validation.TestSanitizeLogData" name="test_sanitize_long_bytes" time="0.000" /><testcase classname="tests.unit.test_validation.TestSanitizeLogData" name="test_sanitize_string" time="0.001" /><testcase classname="tests.unit.test_validation.TestSanitizeLogData" name="test_sanitize_string_with_control_chars" time="0.000" /><testcase classname="tests.unit.test_validation.TestSanitizeLogData" name="test_sanitize_long_string" time="0.000" /><testcase classname="tests.unit.test_validation.TestSanitizeLogData" name="test_sanitize_mixed_printable_non_printable" time="0.000" /><testcase classname="tests.unit.test_validation.TestSanitizeLogData" name="test_sanitize_unicode" time="0.000" /><testcase classname="tests.unit.test_validation.TestSanitizeLogData" name="test_sanitize_numbers" time="0.000" /><testcase classname="tests.unit.test_validation.TestSanitizeLogData" name="test_sanitize_none" time="0.000" /><testcase classname="tests.unit.test_validation.TestSanitizeLogData" name="test_sanitize_empty_data" time="0.000" /><testcase classname="tests.unit.test_validation.TestSanitizeLogData" name="test_custom_max_length" time="0.000" /><testcase classname="tests.unit.test_validation.TestSanitizeLogData" name="test_sanitize_special_characters" time="0.000" /><testcase classname="tests.unit.test_validation.TestSanitizeLogData" name="test_sanitize_various_inputs[\x00\x01\x02-000102]" time="0.000" /><testcase classname="tests.unit.test_validation.TestSanitizeLogData" name="test_sanitize_various_inputs[test\nstring-test?string]" time="0.000" /><testcase classname="tests.unit.test_validation.TestSanitizeLogData" name="test_sanitize_various_inputs[test\tstring-test\tstring]" time="0.000" /><testcase classname="tests.unit.test_validation.TestSanitizeLogData" name="test_sanitize_various_inputs[12345-12345]" time="0.000" /><testcase classname="tests.unit.test_validation.TestSanitizeLogData" name="test_sanitize_various_inputs[test_input4-[]]" time="0.000" /><testcase classname="tests.unit.test_validation.TestSanitizeLogData" name="test_sanitize_various_inputs[test_input5-{}]" time="0.000" /><testcase classname="tests.unit.test_validation.TestValidationEdgeCases" name="test_validate_with_extreme_values" time="0.000" /><testcase classname="tests.unit.test_validation.TestValidationEdgeCases" name="test_validate_with_type_coercion" time="0.000" /><testcase classname="tests.unit.test_validation.TestValidationEdgeCases" name="test_validate_with_whitespace" time="0.000" /><testcase classname="tests.unit.test_validation.TestValidationEdgeCases" name="test_memory_efficiency_large_data" time="0.000" /><testcase classname="tests.unit.test_validation.TestValidationEdgeCases" name="test_concurrent_validation" time="0.005" /></testsuite></testsuites>